Content-Type: multipart/alternative;
 boundary="===============8182110740270954267=="
MIME-Version: 1.0
Subject: hello
From: from@example.com
To: to@emaple.com
Date: Fri, 06 Oct 2023 19:17:14 -0000
Message-ID: 
 <169661983401.23665.13967162340118344032@1.0.0.0.0.0.0.0.0.0.0.0.0.0.0.0.0.0.0.0.0.0.0.0.0.0.0.0.0.0.0.0.ip6.arpa>

--===============8182110740270954267==
Content-Type: text/plain; charset="utf-8"
MIME-Version: 1.0
Content-Transfer-Encoding: 7bit

<!DOCTYPE html>
<html lang="en" dir="ltr">
	<head>
		<meta charset="utf-8">
		<title></title>
		<style>
			@import url('https://fonts.googleapis.com/css?family=Roboto:400,100,300,500,700,900');
		</style>
	</head>
	<body style="background: #f5f8fa;font-family: 'Roboto', sans-serif;">
		<div style="width: 90%;max-width:600px;margin: 20px auto;background: #ffffff;">
			<section style="margin: 0 15px;color:#425b76;">
				<h2 style="margin: 40px 0 27px 0;text-align: center;">Thank you to registration</h2>
				<hr style="border:0;border-top: 1px solid rgba(66,91,118,0.3);max-width: 50%">
				<p style="font-size:15.5px;font-weight: bold;margin:40px 20px 15px 20px;">Hi kenya, we have received your details and will process soon.</p>
			</section>
		</div>
	</body>
</html>

--===============8182110740270954267==
Content-Type: text/html; charset="utf-8"
MIME-Version: 1.0
Content-Transfer-Encoding: 7bit

<!DOCTYPE html>
<html lang="en" dir="ltr">
	<head>
		<meta charset="utf-8">
		<title></title>
		<style>
			@import url('https://fonts.googleapis.com/css?family=Roboto:400,100,300,500,700,900');
		</style>
	</head>
	<body style="background: #f5f8fa;font-family: 'Roboto', sans-serif;">
		<div style="width: 90%;max-width:600px;margin: 20px auto;background: #ffffff;">
			<section style="margin: 0 15px;color:#425b76;">
				<h2 style="margin: 40px 0 27px 0;text-align: center;">Thank you to registration</h2>
				<hr style="border:0;border-top: 1px solid rgba(66,91,118,0.3);max-width: 50%">
				<p style="font-size:15.5px;font-weight: bold;margin:40px 20px 15px 20px;">Hi kenya, we have received your details and will process soon.</p>
			</section>
		</div>
	</body>
</html>

--===============8182110740270954267==--

-------------------------------------------------------------------------------
